#
# There is insufficient memory for the Java Runtime Environment to continue.
# Native memory allocation (malloc) failed to allocate 1258784 bytes for Chunk::new
# Possible reasons:
#   The system is out of physical RAM or swap space
#   In 32 bit mode, the process size limit was hit
# Possible solutions:
#   Reduce memory load on the system
#   Increase physical memory or swap space
#   Check if swap backing store is full
#   Use 64 bit Java on a 64 bit OS
#   Decrease Java heap size (-Xmx/-Xms)
#   Decrease number of Java threads
#   Decrease Java thread stack sizes (-Xss)
#   Set larger code cache with -XX:ReservedCodeCacheSize=
# This output file may be truncated or incomplete.
#
#  Out of Memory Error (allocation.cpp:390), pid=2344, tid=0x0000000000002844
#
# JRE version: OpenJDK Runtime Environment (8.0_152-b01) (build 1.8.0_152-release-1248-b01)
# Java VM: OpenJDK 64-Bit Server VM (25.152-b01 mixed mode windows-amd64 compressed oops)
# Failed to write core dump. Minidumps are not enabled by default on client versions of Windows
#

---------------  T H R E A D  ---------------

Current thread (0x00000000184c9000):  JavaThread "C2 CompilerThread0" daemon [_thread_in_native, id=10308, stack(0x0000000018ca0000,0x0000000018da0000)]

Stack: [0x0000000018ca0000,0x0000000018da0000]
[error occurred during error reporting (printing stack bounds), id 0xc0000005]

Native frames: (J=compiled Java code, j=interpreted, Vv=VM code, C=native code)


Current CompileTask:
C2:4648099 20418       4       com.android.tools.r8.ir.conversion.JarSourceCode::buildInstruction (259 bytes)


---------------  P R O C E S S  ---------------

Java Threads: ( => current thread )
  0x000000001eb7b000 JavaThread "ForkJoinPool.commonPool-worker-5" daemon [_thread_in_Java, id=6348, stack(0x0000000034790000,0x0000000034890000)]
  0x000000001eb7f000 JavaThread "ForkJoinPool.commonPool-worker-2" daemon [_thread_blocked, id=4056, stack(0x0000000034690000,0x0000000034790000)]
  0x000000001eb73800 JavaThread "ForkJoinPool.commonPool-worker-1" daemon [_thread_in_Java, id=5964, stack(0x0000000034590000,0x0000000034690000)]
  0x000000001eb7a800 JavaThread "ForkJoinPool.commonPool-worker-0" daemon [_thread_in_native, id=4260, stack(0x0000000034490000,0x0000000034590000)]
  0x000000001eb79800 JavaThread "Cache worker for Java compile cache (H:\AndroidProjects\GitHub\CurrencyRateApp\.gradle\4.10.1\javaCompile)" [_thread_blocked, id=1552, stack(0x0000000034290000,0x0000000034390000)]
  0x000000001eb74800 JavaThread "Cache worker for Java compile cache (C:\Users\MadCat\.gradle\caches\4.10.1\javaCompile)" [_thread_blocked, id=7296, stack(0x0000000034190000,0x0000000034290000)]
  0x000000001eb76000 JavaThread "stdout" daemon [_thread_in_native, id=5368, stack(0x0000000034090000,0x0000000034190000)]
  0x000000001eb79000 JavaThread "stderr" daemon [_thread_in_native, id=1308, stack(0x0000000033f90000,0x0000000034090000)]
  0x000000001eb75000 JavaThread "stdout" daemon [_thread_in_native, id=2532, stack(0x0000000033e90000,0x0000000033f90000)]
  0x000000001eb78000 JavaThread "stderr" daemon [_thread_in_native, id=2472, stack(0x0000000033d90000,0x0000000033e90000)]
  0x000000001e94c000 JavaThread "stdout" daemon [_thread_in_native, id=2676, stack(0x0000000033c90000,0x0000000033d90000)]
  0x00000000207be800 JavaThread "stderr" daemon [_thread_in_native, id=9768, stack(0x0000000033b90000,0x0000000033c90000)]
  0x00000000207bd800 JavaThread "stdout" daemon [_thread_in_native, id=1284, stack(0x0000000033a90000,0x0000000033b90000)]
  0x00000000207bb800 JavaThread "stderr" daemon [_thread_in_native, id=7464, stack(0x0000000033990000,0x0000000033a90000)]
  0x00000000207ba000 JavaThread "stdout" daemon [_thread_in_native, id=3168, stack(0x0000000033890000,0x0000000033990000)]
  0x00000000207bc000 JavaThread "stderr" daemon [_thread_in_native, id=7688, stack(0x0000000033790000,0x0000000033890000)]
  0x00000000207ba800 JavaThread "stdout" daemon [_thread_in_native, id=5704, stack(0x0000000033690000,0x0000000033790000)]
  0x00000000207b9000 JavaThread "stderr" daemon [_thread_in_native, id=1320, stack(0x0000000033590000,0x0000000033690000)]
  0x00000000207bd000 JavaThread "stdout" daemon [_thread_in_native, id=2964, stack(0x0000000033490000,0x0000000033590000)]
  0x00000000207b8800 JavaThread "stderr" daemon [_thread_in_native, id=10248, stack(0x0000000033390000,0x0000000033490000)]
  0x00000000207b0800 JavaThread "pool-18-thread-1" [_thread_blocked, id=3604, stack(0x0000000033290000,0x0000000033390000)]
  0x00000000207b7800 JavaThread "ForkJoinPool.commonPool-worker-7" daemon [_thread_blocked, id=4704, stack(0x0000000033190000,0x0000000033290000)]
  0x00000000207b6800 JavaThread "ForkJoinPool.commonPool-worker-6" daemon [_thread_blocked, id=8872, stack(0x0000000033090000,0x0000000033190000)]
  0x00000000207b1800 JavaThread "ForkJoinPool.commonPool-worker-3" daemon [_thread_in_Java, id=9104, stack(0x0000000032d90000,0x0000000032e90000)]
  0x00000000207b4800 JavaThread "Cache worker for Build Output Cleanup Cache (H:\AndroidProjects\GitHub\CurrencyRateApp\.gradle\buildOutputCleanup)" [_thread_blocked, id=5316, stack(0x0000000032a90000,0x0000000032b90000)]
  0x00000000207b2000 JavaThread "Cache worker for task history cache (H:\AndroidProjects\GitHub\CurrencyRateApp\.gradle\4.10.1\taskHistory)" [_thread_blocked, id=4180, stack(0x0000000032990000,0x0000000032a90000)]
  0x000000001bbbf800 JavaThread "Task worker for ':' Thread 7" [_thread_blocked, id=788, stack(0x0000000032890000,0x0000000032990000)]
  0x000000001bbc5800 JavaThread "Task worker for ':' Thread 6" [_thread_blocked, id=10596, stack(0x0000000032790000,0x0000000032890000)]
  0x000000001bbc3800 JavaThread "Task worker for ':' Thread 5" [_thread_blocked, id=10440, stack(0x0000000032690000,0x0000000032790000)]
  0x000000001bbc6800 JavaThread "Task worker for ':' Thread 4" [_thread_blocked, id=9660, stack(0x0000000032590000,0x0000000032690000)]
  0x000000001bbc2800 JavaThread "Task worker for ':' Thread 3" [_thread_blocked, id=7620, stack(0x0000000032490000,0x0000000032590000)]
  0x00000000198ec000 JavaThread "Task worker for ':' Thread 2" [_thread_blocked, id=6056, stack(0x0000000032390000,0x0000000032490000)]
  0x00000000198eb000 JavaThread "Task worker for ':'" [_thread_blocked, id=4668, stack(0x0000000032290000,0x0000000032390000)]
  0x00000000198ea800 JavaThread "Cache worker for file content cache (H:\AndroidProjects\GitHub\CurrencyRateApp\.gradle\4.10.1\fileContent)" [_thread_blocked, id=8572, stack(0x0000000032190000,0x0000000032290000)]
  0x00000000198e2000 JavaThread "Cache worker for file content cache (C:\Users\MadCat\.gradle\caches\4.10.1\fileContent)" [_thread_blocked, id=10960, stack(0x0000000032090000,0x0000000032190000)]
  0x00000000198e5000 JavaThread "pool-17-thread-1" [_thread_blocked, id=2068, stack(0x0000000031f90000,0x0000000032090000)]
  0x00000000198e3800 JavaThread "Build operations Thread 8" [_thread_blocked, id=5376, stack(0x0000000031e90000,0x0000000031f90000)]
  0x00000000198e9000 JavaThread "Build operations Thread 7" [_thread_blocked, id=6772, stack(0x0000000031d90000,0x0000000031e90000)]
  0x00000000198e1800 JavaThread "Build operations Thread 6" [_thread_blocked, id=11164, stack(0x0000000031c90000,0x0000000031d90000)]
  0x00000000198e8000 JavaThread "Build operations Thread 5" [_thread_blocked, id=8176, stack(0x0000000031b90000,0x0000000031c90000)]
  0x00000000198e0800 JavaThread "Build operations Thread 4" [_thread_blocked, id=3108, stack(0x0000000031a90000,0x0000000031b90000)]
  0x00000000198e7800 JavaThread "Build operations Thread 3" [_thread_blocked, id=4188, stack(0x0000000031990000,0x0000000031a90000)]
  0x00000000198e3000 JavaThread "Build operations Thread 2" [_thread_blocked, id=5052, stack(0x0000000031890000,0x0000000031990000)]
  0x00000000198e0000 JavaThread "Build operations" [_thread_blocked, id=3560, stack(0x0000000031790000,0x0000000031890000)]
  0x00000000198df000 JavaThread "Cache worker for cache directory md-rule (C:\Users\MadCat\.gradle\caches\4.10.1\md-rule)" [_thread_blocked, id=3868, stack(0x0000000031690000,0x0000000031790000)]
  0x00000000198e6000 JavaThread "Cache worker for cache directory md-supplier (C:\Users\MadCat\.gradle\caches\4.10.1\md-supplier)" [_thread_blocked, id=9208, stack(0x0000000031590000,0x0000000031690000)]
  0x00000000198dd800 JavaThread "Cache worker for file hash cache (H:\AndroidProjects\GitHub\CurrencyRateApp\.gradle\4.10.1\fileHashes)" [_thread_blocked, id=6724, stack(0x0000000031490000,0x0000000031590000)]
  0x000000001e947800 JavaThread "Stdin handler" [_thread_blocked, id=7528, stack(0x0000000031390000,0x0000000031490000)]
  0x000000001e94b000 JavaThread "Asynchronous log dispatcher for DefaultDaemonConnection: socket connection from /127.0.0.1:55697 to /127.0.0.1:56136" [_thread_blocked, id=3716, stack(0x0000000031290000,0x0000000031390000)]
  0x000000001e94a800 JavaThread "Daemon worker Thread 5" [_thread_blocked, id=5924, stack(0x0000000031190000,0x0000000031290000)]
  0x000000001e946800 JavaThread "Cancel handler" [_thread_blocked, id=6248, stack(0x0000000031090000,0x0000000031190000)]
  0x000000001e948000 JavaThread "Handler for socket connection from /127.0.0.1:55697 to /127.0.0.1:56136" [_thread_in_native, id=4564, stack(0x0000000030f90000,0x0000000031090000)]
  0x000000001e945000 JavaThread "Daemon Thread 5" [_thread_blocked, id=5304, stack(0x0000000030e90000,0x0000000030f90000)]
  0x00000000198de800 JavaThread "Memory manager" [_thread_blocked, id=5776, stack(0x0000000024b60000,0x0000000024c60000)]
  0x000000001bbc1800 JavaThread "Cache worker for Artifact transforms cache (C:\Users\MadCat\.gradle\caches\transforms-1)" [_thread_blocked, id=8744, stack(0x0000000021bb0000,0x0000000021cb0000)]
  0x000000001bbc0000 JavaThread "Cache worker for journal cache (C:\Users\MadCat\.gradle\caches\journal-1)" [_thread_blocked, id=1820, stack(0x000000001dfa0000,0x000000001e0a0000)]
  0x000000001be95800 JavaThread "File lock request listener" [_thread_in_native, id=936, stack(0x000000001cdd0000,0x000000001ced0000)]
  0x000000001bc2f800 JavaThread "Cache worker for file hash cache (C:\Users\MadCat\.gradle\caches\4.10.1\fileHashes)" [_thread_blocked, id=9748, stack(0x000000001ccd0000,0x000000001cdd0000)]
  0x000000001a457000 JavaThread "Daemon periodic checks" [_thread_blocked, id=3228, stack(0x000000001b200000,0x000000001b300000)]
  0x000000001a213000 JavaThread "Incoming local TCP Connector on port 55697" [_thread_in_native, id=5400, stack(0x000000001afb0000,0x000000001b0b0000)]
  0x0000000018569800 JavaThread "Service Thread" daemon [_thread_blocked, id=9600, stack(0x00000000190a0000,0x00000000191a0000)]
  0x00000000184da800 JavaThread "C1 CompilerThread3" daemon [_thread_blocked, id=7240, stack(0x0000000018fa0000,0x00000000190a0000)]
  0x00000000184cb800 JavaThread "C2 CompilerThread2" daemon [_thread_in_native, id=10296, stack(0x0000000018ea0000,0x0000000018fa0000)]
  0x00000000184ca800 JavaThread "C2 CompilerThread1" daemon [_thread_in_native, id=10908, stack(0x0000000018da0000,0x0000000018ea0000)]
=>0x00000000184c9000 JavaThread "C2 CompilerThread0" daemon [_thread_in_native, id=10308, stack(0x0000000018ca0000,0x0000000018da0000)]
  0x00000000184c7000 JavaThread "Attach Listener" daemon [_thread_blocked, id=4364, stack(0x0000000018ba0000,0x0000000018ca0000)]
  0x00000000027fe800 JavaThread "Signal Dispatcher" daemon [_thread_blocked, id=9024, stack(0x0000000018aa0000,0x0000000018ba0000)]
  0x00000000027f9800 JavaThread "Finalizer" daemon [_thread_blocked, id=4036, stack(0x00000000188a0000,0x00000000189a0000)]
  0x00000000027f6000 JavaThread "Reference Handler" daemon [_thread_blocked, id=1136, stack(0x00000000183a0000,0x00000000184a0000)]
  0x00000000026fd800 JavaThread "main" [_thread_blocked, id=2140, stack(0x0000000002590000,0x0000000002690000)]

Other Threads:
  0x00000000165b6800 VMThread [stack: 0x00000000182a0000,0x00000000183a0000] [id=7536]
  0x000000001856a800 WatcherThread [stack: 0x00000000191a0000,0x00000000192a0000] [id=7360]

VM state:not at safepoint (normal execution)

VM Mutex/Monitor currently owned by a thread: None

Heap:
 PSYoungGen      total 206336K, used 44172K [0x00000000e0000000, 0x00000000ef200000, 0x0000000100000000)
  eden space 171008K, 6% used [0x00000000e0000000,0x00000000e0b01d70,0x00000000ea700000)
  from space 35328K, 93% used [0x00000000ea700000,0x00000000ec721418,0x00000000ec980000)
  to   space 31232K, 0% used [0x00000000ec980000,0x00000000ec980000,0x00000000ee800000)
 ParOldGen       total 161280K, used 62274K [0x00000000a0000000, 0x00000000a9d80000, 0x00000000e0000000)
  object space 161280K, 38% used [0x00000000a0000000,0x00000000a3cd0a20,0x00000000a9d80000)
 Metaspace       used 97910K, capacity 103011K, committed 104232K, reserved 1140736K
  class space    used 12473K, capacity 13590K, committed 13872K, reserved 1048576K

Card table byte_map: [0x0000000011bc0000,0x0000000011ed0000] byte_map_base: 0x00000000116c0000

Marking Bits: (ParMarkBitMap*) 0x00000000599d5aa0
 Begin Bits: [0x00000000128d0000, 0x00000000140d0000)
 End Bits:   [0x00000000140d0000, 0x00000000158d0000)

Polling page: 0x0000000000830000

CodeCache: size=245760Kb used=56823Kb max_used=56823Kb free=188936Kb
 bounds [0x0000000002800000, 0x0000000005fd0000, 0x0000000011800000]
 total_blobs=17975 nmethods=17092 adapters=794
 compilation: enabled

Compilation events (10 events):
Event: 4648.092 Thread 0x00000000184da800 nmethod 21224 0x0000000005fb6dd0 code [0x0000000005fb6f60, 0x0000000005fb7218]
Event: 4648.092 Thread 0x00000000184da800 21225       2       com.android.tools.r8.ir.code.BasicBlock::linkCatchSuccessors (108 bytes)
Event: 4648.093 Thread 0x00000000184da800 nmethod 21225 0x0000000005fb7390 code [0x0000000005fb75a0, 0x0000000005fb7bf8]
Event: 4648.093 Thread 0x00000000184da800 21222       2       com.android.tools.r8.ir.conversion.IRBuilder$$Lambda$860/1589775896::get$Lambda (11 bytes)
Event: 4648.094 Thread 0x00000000184da800 nmethod 21222 0x0000000005fb81d0 code [0x0000000005fb8320, 0x0000000005fb84d0]
Event: 4648.094 Thread 0x00000000184da800 21223       2       com.android.tools.r8.ir.conversion.IRBuilder$$Lambda$860/1589775896::<init> (20 bytes)
Event: 4648.094 Thread 0x00000000184da800 nmethod 21223 0x0000000005fb8590 code [0x0000000005fb86e0, 0x0000000005fb8870]
Event: 4648.094 Thread 0x00000000184da800 21220       2       com.android.tools.r8.ir.conversion.IRBuilder::addIf (80 bytes)
Event: 4648.095 Thread 0x00000000184da800 nmethod 21220 0x0000000005fb8910 code [0x0000000005fb8b00, 0x0000000005fb90f8]
Event: 4648.095 Thread 0x00000000184da800 21226       2       com.android.tools.r8.ir.conversion.JarSourceCode::getTryHandlerGuards (73 bytes)

GC Heap History (10 events):
Event: 4646.353 GC heap before
{Heap before GC invocations=63 (full 4):
 PSYoungGen      total 158720K, used 134656K [0x00000000e0000000, 0x00000000eb980000, 0x0000000100000000)
  eden space 134656K, 100% used [0x00000000e0000000,0x00000000e8380000,0x00000000e8380000)
  from space 24064K, 0% used [0x00000000e9d80000,0x00000000e9d80000,0x00000000eb500000)
  to   space 26624K, 0% used [0x00000000e8380000,0x00000000e8380000,0x00000000e9d80000)
 ParOldGen       total 161280K, used 62234K [0x00000000a0000000, 0x00000000a9d80000, 0x00000000e0000000)
  object space 161280K, 38% used [0x00000000a0000000,0x00000000a3cc6a20,0x00000000a9d80000)
 Metaspace       used 95876K, capacity 100603K, committed 102312K, reserved 1138688K
  class space    used 12281K, capacity 13358K, committed 13744K, reserved 1048576K
Event: 4646.374 GC heap after
Heap after GC invocations=63 (full 4):
 PSYoungGen      total 161280K, used 15018K [0x00000000e0000000, 0x00000000eca00000, 0x0000000100000000)
  eden space 134656K, 0% used [0x00000000e0000000,0x00000000e0000000,0x00000000e8380000)
  from space 26624K, 56% used [0x00000000e8380000,0x00000000e922a9f8,0x00000000e9d80000)
  to   space 26624K, 0% used [0x00000000eb000000,0x00000000eb000000,0x00000000eca00000)
 ParOldGen       total 161280K, used 62242K [0x00000000a0000000, 0x00000000a9d80000, 0x00000000e0000000)
  object space 161280K, 38% used [0x00000000a0000000,0x00000000a3cc8a20,0x00000000a9d80000)
 Metaspace       used 95876K, capacity 100603K, committed 102312K, reserved 1138688K
  class space    used 12281K, capacity 13358K, committed 13744K, reserved 1048576K
}
Event: 4646.771 GC heap before
{Heap before GC invocations=64 (full 4):
 PSYoungGen      total 161280K, used 149674K [0x00000000e0000000, 0x00000000eca00000, 0x0000000100000000)
  eden space 134656K, 100% used [0x00000000e0000000,0x00000000e8380000,0x00000000e8380000)
  from space 26624K, 56% used [0x00000000e8380000,0x00000000e922a9f8,0x00000000e9d80000)
  to   space 26624K, 0% used [0x00000000eb000000,0x00000000eb000000,0x00000000eca00000)
 ParOldGen       total 161280K, used 62242K [0x00000000a0000000, 0x00000000a9d80000, 0x00000000e0000000)
  object space 161280K, 38% used [0x00000000a0000000,0x00000000a3cc8a20,0x00000000a9d80000)
 Metaspace       used 96327K, capacity 101043K, committed 102824K, reserved 1138688K
  class space    used 12321K, capacity 13396K, committed 13744K, reserved 1048576K
Event: 4646.787 GC heap after
Heap after GC invocations=64 (full 4):
 PSYoungGen      total 179712K, used 17643K [0x00000000e0000000, 0x00000000ecb80000, 0x0000000100000000)
  eden space 153088K, 0% used [0x00000000e0000000,0x00000000e0000000,0x00000000e9580000)
  from space 26624K, 66% used [0x00000000eb000000,0x00000000ec13ac78,0x00000000eca00000)
  to   space 27136K, 0% used [0x00000000e9580000,0x00000000e9580000,0x00000000eb000000)
 ParOldGen       total 161280K, used 62250K [0x00000000a0000000, 0x00000000a9d80000, 0x00000000e0000000)
  object space 161280K, 38% used [0x00000000a0000000,0x00000000a3ccaa20,0x00000000a9d80000)
 Metaspace       used 96327K, capacity 101043K, committed 102824K, reserved 1138688K
  class space    used 12321K, capacity 13396K, committed 13744K, reserved 1048576K
}
Event: 4647.288 GC heap before
{Heap before GC invocations=65 (full 4):
 PSYoungGen      total 179712K, used 170731K [0x00000000e0000000, 0x00000000ecb80000, 0x0000000100000000)
  eden space 153088K, 100% used [0x00000000e0000000,0x00000000e9580000,0x00000000e9580000)
  from space 26624K, 66% used [0x00000000eb000000,0x00000000ec13ac78,0x00000000eca00000)
  to   space 27136K, 0% used [0x00000000e9580000,0x00000000e9580000,0x00000000eb000000)
 ParOldGen       total 161280K, used 62250K [0x00000000a0000000, 0x00000000a9d80000, 0x00000000e0000000)
  object space 161280K, 38% used [0x00000000a0000000,0x00000000a3ccaa20,0x00000000a9d80000)
 Metaspace       used 97658K, capacity 102719K, committed 103976K, reserved 1138688K
  class space    used 12471K, capacity 13590K, committed 13872K, reserved 1048576K
Event: 4647.310 GC heap after
Heap after GC invocations=65 (full 4):
 PSYoungGen      total 180224K, used 26963K [0x00000000e0000000, 0x00000000ee800000, 0x0000000100000000)
  eden space 153088K, 0% used [0x00000000e0000000,0x00000000e0000000,0x00000000e9580000)
  from space 27136K, 99% used [0x00000000e9580000,0x00000000eafd4dd8,0x00000000eb000000)
  to   space 31232K, 0% used [0x00000000ec980000,0x00000000ec980000,0x00000000ee800000)
 ParOldGen       total 161280K, used 62258K [0x00000000a0000000, 0x00000000a9d80000, 0x00000000e0000000)
  object space 161280K, 38% used [0x00000000a0000000,0x00000000a3ccca20,0x00000000a9d80000)
 Metaspace       used 97658K, capacity 102719K, committed 103976K, reserved 1138688K
  class space    used 12471K, capacity 13590K, committed 13872K, reserved 1048576K
}
Event: 4647.652 GC heap before
{Heap before GC invocations=66 (full 4):
 PSYoungGen      total 180224K, used 180051K [0x00000000e0000000, 0x00000000ee800000, 0x0000000100000000)
  eden space 153088K, 100% used [0x00000000e0000000,0x00000000e9580000,0x00000000e9580000)
  from space 27136K, 99% used [0x00000000e9580000,0x00000000eafd4dd8,0x00000000eb000000)
  to   space 31232K, 0% used [0x00000000ec980000,0x00000000ec980000,0x00000000ee800000)
 ParOldGen       total 161280K, used 62258K [0x00000000a0000000, 0x00000000a9d80000, 0x00000000e0000000)
  object space 161280K, 38% used [0x00000000a0000000,0x00000000a3ccca20,0x00000000a9d80000)
 Metaspace       used 97748K, capacity 102811K, committed 103976K, reserved 1138688K
  class space    used 12473K, capacity 13590K, committed 13872K, reserved 1048576K
Event: 4647.688 GC heap after
Heap after GC invocations=66 (full 4):
 PSYoungGen      total 202240K, used 30457K [0x00000000e0000000, 0x00000000ef200000, 0x0000000100000000)
  eden space 171008K, 0% used [0x00000000e0000000,0x00000000e0000000,0x00000000ea700000)
  from space 31232K, 97% used [0x00000000ec980000,0x00000000ee73e470,0x00000000ee800000)
  to   space 35328K, 0% used [0x00000000ea700000,0x00000000ea700000,0x00000000ec980000)
 ParOldGen       total 161280K, used 62266K [0x00000000a0000000, 0x00000000a9d80000, 0x00000000e0000000)
  object space 161280K, 38% used [0x00000000a0000000,0x00000000a3ccea20,0x00000000a9d80000)
 Metaspace       used 97748K, capacity 102811K, committed 103976K, reserved 1138688K
  class space    used 12473K, capacity 13590K, committed 13872K, reserved 1048576K
}
Event: 4648.047 GC heap before
{Heap before GC invocations=67 (full 4):
 PSYoungGen      total 202240K, used 201433K [0x00000000e0000000, 0x00000000ef200000, 0x0000000100000000)
  eden space 171008K, 99% used [0x00000000e0000000,0x00000000ea6f82d8,0x00000000ea700000)
  from space 31232K, 97% used [0x00000000ec980000,0x00000000ee73e470,0x00000000ee800000)
  to   space 35328K, 0% used [0x00000000ea700000,0x00000000ea700000,0x00000000ec980000)
 ParOldGen       total 161280K, used 62266K [0x00000000a0000000, 0x00000000a9d80000, 0x00000000e0000000)
  object space 161280K, 38% used [0x00000000a0000000,0x00000000a3ccea20,0x00000000a9d80000)
 Metaspace       used 97892K, capacity 103011K, committed 104232K, reserved 1140736K
  class space    used 12473K, capacity 13590K, committed 13872K, reserved 1048576K
Event: 4648.086 GC heap after
Heap after GC invocations=67 (full 4):
 PSYoungGen      total 206336K, used 32901K [0x00000000e0000000, 0x00000000ef200000, 0x0000000100000000)
  eden space 171008K, 0% used [0x00000000e0000000,0x00000000e0000000,0x00000000ea700000)
  from space 35328K, 93% used [0x00000000ea700000,0x00000000ec721418,0x00000000ec980000)
  to   space 31232K, 0% used [0x00000000ec980000,0x00000000ec980000,0x00000000ee800000)
 ParOldGen       total 161280K, used 62274K [0x00000000a0000000, 0x00000000a9d80000, 0x00000000e0000000)
  object space 161280K, 38% used [0x00000000a0000000,0x00000000a3cd0a20,0x00000000a9d80000)
 Metaspace       used 97892K, capacity 103011K, committed 104232K, reserved 1140736K
  class space    used 12473K, capacity 13590K, committed 13872K, reserved 1048576K
}

Deoptimization events (10 events):
Event: 4646.422 Thread 0x000000001eb7b000 Uncommon trap: reason=unstable_if action=reinterpret pc=0x00000000029030b0 method=java.util.HashMap.getNode(ILjava/lang/Object;)Ljava/util/HashMap$Node; @ 84
Event: 4646.445 Thread 0x000000001eb7b000 Uncommon trap: reason=unstable_if action=reinterpret pc=0x000000000378b95c method=java.util.HashMap.putVal(ILjava/lang/Object;Ljava/lang/Object;ZZ)Ljava/lang/Object; @ 109
Event: 4646.767 Thread 0x000000001eb73800 Uncommon trap: reason=unstable_if action=reinterpret pc=0x0000000005d0c3e4 method=com.android.tools.r8.org.objectweb.asm.ClassReader.readMethod(Lcom/android/tools/r8/org/objectweb/asm/ClassVisitor;Lcom/android/tools/r8/org/objectweb/asm/Context;I)I @ 522
Event: 4647.035 Thread 0x00000000207b1800 Uncommon trap: reason=array_check action=maybe_recompile pc=0x00000000056bc950 method=java.util.TimSort.binarySort([Ljava/lang/Object;IIILjava/util/Comparator;)V @ 183
Event: 4647.035 Thread 0x00000000207b1800 Uncommon trap: reason=array_check action=maybe_recompile pc=0x00000000056bc950 method=java.util.TimSort.binarySort([Ljava/lang/Object;IIILjava/util/Comparator;)V @ 183
Event: 4647.181 Thread 0x000000001eb73800 Uncommon trap: reason=unstable_if action=reinterpret pc=0x0000000005d482fc method=com.android.tools.r8.ir.conversion.JarState.getLocalsAt(I)Lcom/android/tools/r8/ir/conversion/JarState$LocalsAtOffset; @ 1
Event: 4647.360 Thread 0x000000001eb7a800 Uncommon trap: reason=unstable_if action=reinterpret pc=0x0000000002ae7298 method=java.util.concurrent.ConcurrentHashMap.computeIfAbsent(Ljava/lang/Object;Ljava/util/function/Function;)Ljava/lang/Object; @ 281
Event: 4647.415 Thread 0x000000001eb7b000 Uncommon trap: reason=unstable_if action=reinterpret pc=0x0000000002ad0650 method=java.util.HashMap.resize()[Ljava/util/HashMap$Node; @ 206
Event: 4647.472 Thread 0x000000001eb7a800 Uncommon trap: reason=unstable_if action=reinterpret pc=0x0000000005d3b88c method=com.android.tools.r8.ir.code.Position.equals(Ljava/lang/Object;)Z @ 27
Event: 4648.015 Thread 0x00000000207b7800 Uncommon trap: reason=unstable_if action=reinterpret pc=0x00000000054f6750 method=com.android.tools.r8.ir.code.Value.getStartOfConsecutive()Lcom/android/tools/r8/ir/code/Value; @ 6

Classes redefined (0 events):
No events

Internal exceptions (10 events):
Event: 4645.113 Thread 0x000000001bbc6800 Exception <a 'sun/nio/fs/WindowsException'> (0x00000000e4965e80) thrown at [D:\src\AOSP-openjdk-cygwin\jdk8u\hotspot\src\share\vm\prims\jni.cpp, line 709]
Event: 4645.135 Thread 0x000000001bbc6800 Exception <a 'sun/nio/fs/WindowsException'> (0x00000000e499bf20) thrown at [D:\src\AOSP-openjdk-cygwin\jdk8u\hotspot\src\share\vm\prims\jni.cpp, line 709]
Event: 4645.135 Thread 0x000000001bbc6800 Exception <a 'sun/nio/fs/WindowsException'> (0x00000000e499c768) thrown at [D:\src\AOSP-openjdk-cygwin\jdk8u\hotspot\src\share\vm\prims\jni.cpp, line 709]
Event: 4645.135 Thread 0x000000001bbc6800 Exception <a 'sun/nio/fs/WindowsException'> (0x00000000e499dc98) thrown at [D:\src\AOSP-openjdk-cygwin\jdk8u\hotspot\src\share\vm\prims\jni.cpp, line 709]
Event: 4645.145 Thread 0x000000001bbc6800 Exception <a 'sun/nio/fs/WindowsException'> (0x00000000e54efe58) thrown at [D:\src\AOSP-openjdk-cygwin\jdk8u\hotspot\src\share\vm\prims\jni.cpp, line 709]
Event: 4645.145 Thread 0x000000001bbc6800 Exception <a 'sun/nio/fs/WindowsException'> (0x00000000e54f06a0) thrown at [D:\src\AOSP-openjdk-cygwin\jdk8u\hotspot\src\share\vm\prims\jni.cpp, line 709]
Event: 4645.146 Thread 0x000000001bbc6800 Exception <a 'sun/nio/fs/WindowsException'> (0x00000000e54f1bd0) thrown at [D:\src\AOSP-openjdk-cygwin\jdk8u\hotspot\src\share\vm\prims\jni.cpp, line 709]
Event: 4645.154 Thread 0x000000001bbc6800 Exception <a 'sun/nio/fs/WindowsException'> (0x00000000e5549468) thrown at [D:\src\AOSP-openjdk-cygwin\jdk8u\hotspot\src\share\vm\prims\jni.cpp, line 709]
Event: 4645.154 Thread 0x000000001bbc6800 Exception <a 'sun/nio/fs/WindowsException'> (0x00000000e5549cb0) thrown at [D:\src\AOSP-openjdk-cygwin\jdk8u\hotspot\src\share\vm\prims\jni.cpp, line 709]
Event: 4645.155 Thread 0x000000001bbc6800 Exception <a 'sun/nio/fs/WindowsException'> (0x00000000e554b1e0) thrown at [D:\src\AOSP-openjdk-cygwin\jdk8u\hotspot\src\share\vm\prims\jni.cpp, line 709]

Events (10 events):
Event: 4648.090 Executing VM operation: RevokeBias
Event: 4648.090 Executing VM operation: RevokeBias done
Event: 4648.090 Executing VM operation: RevokeBias
Event: 4648.090 Executing VM operation: RevokeBias done
Event: 4648.090 Executing VM operation: RevokeBias
Event: 4648.091 Executing VM operation: RevokeBias done
Event: 4648.091 Executing VM operation: RevokeBias
Event: 4648.091 Executing VM operation: RevokeBias done
Event: 4648.091 Executing VM operation: RevokeBias
Event: 4648.091 Executing VM operation: RevokeBias done


Dynamic libraries:
0x00007ff63ee20000 - 0x00007ff63ee51000 	C:\Program Files\Android\Android Studio\jre\bin\java.exe
0x00007ffacca20000 - 0x00007ffaccc0d000 	C:\Windows\SYSTEM32\ntdll.dll
0x00007ffacbcd0000 - 0x00007ffacbd83000 	C:\Windows\System32\KERNEL32.DLL
0x00007ffac99b0000 - 0x00007ffac9c43000 	C:\Windows\System32\KERNELBASE.dll
0x00007ffac9c50000 - 0x00007ffac9cf3000 	C:\Windows\System32\ADVAPI32.dll
0x00007ffacbf40000 - 0x00007ffacbfde000 	C:\Windows\System32\msvcrt.dll
0x00007ffacba30000 - 0x00007ffacbace000 	C:\Windows\System32\sechost.dll
0x00007ffaca0c0000 - 0x00007ffaca1e2000 	C:\Windows\System32\RPCRT4.dll
0x00007ffacbb30000 - 0x00007ffacbcc7000 	C:\Windows\System32\USER32.dll
0x00007ffac8af0000 - 0x00007ffac8b10000 	C:\Windows\System32\win32u.dll
0x00007ffaca480000 - 0x00007ffaca4a9000 	C:\Windows\System32\GDI32.dll
0x00007ffac9760000 - 0x00007ffac98fa000 	C:\Windows\System32\gdi32full.dll
0x00007ffac96c0000 - 0x00007ffac9760000 	C:\Windows\System32\msvcp_win.dll
0x00007ffac92b0000 - 0x00007ffac93aa000 	C:\Windows\System32\ucrtbase.dll
0x00007ffab5810000 - 0x00007ffab5a89000 	C:\Windows\WinSxS\amd64_microsoft.windows.common-controls_6595b64144ccf1df_6.0.17763.437_none_05b63dca071e5dd6\COMCTL32.dll
0x00007ffac9d90000 - 0x00007ffaca0bc000 	C:\Windows\System32\combase.dll
0x00007ffac93b0000 - 0x00007ffac942e000 	C:\Windows\System32\bcryptPrimitives.dll
0x00007ffacb9a0000 - 0x00007ffacb9ce000 	C:\Windows\System32\IMM32.DLL
0x0000000059050000 - 0x0000000059122000 	C:\Program Files\Android\Android Studio\jre\jre\bin\msvcr100.dll
0x0000000059210000 - 0x0000000059a51000 	C:\Program Files\Android\Android Studio\jre\jre\bin\server\jvm.dll
0x00007ffac9d80000 - 0x00007ffac9d88000 	C:\Windows\System32\PSAPI.DLL
0x00007ffac1da0000 - 0x00007ffac1da9000 	C:\Windows\SYSTEM32\WSOCK32.dll
0x00007ffac6ac0000 - 0x00007ffac6ae4000 	C:\Windows\SYSTEM32\WINMM.dll
0x00007ffabc840000 - 0x00007ffabc84a000 	C:\Windows\SYSTEM32\VERSION.dll
0x00007ffacbd90000 - 0x00007ffacbdfd000 	C:\Windows\System32\WS2_32.dll
0x00007ffac6a90000 - 0x00007ffac6abd000 	C:\Windows\SYSTEM32\WINMMBASE.dll
0x00007ffac9670000 - 0x00007ffac96ba000 	C:\Windows\System32\cfgmgr32.dll
0x00007ffac6ba0000 - 0x00007ffac6baf000 	C:\Program Files\Android\Android Studio\jre\jre\bin\verify.dll
0x00007ffac6af0000 - 0x00007ffac6b19000 	C:\Program Files\Android\Android Studio\jre\jre\bin\java.dll
0x00007ffac51f0000 - 0x00007ffac5206000 	C:\Program Files\Android\Android Studio\jre\jre\bin\zip.dll
0x00007ffaca4b0000 - 0x00007ffacb9a0000 	C:\Windows\System32\SHELL32.dll
0x00007ffacc040000 - 0x00007ffacc0e8000 	C:\Windows\System32\shcore.dll
0x00007ffac8b60000 - 0x00007ffac92aa000 	C:\Windows\System32\windows.storage.dll
0x00007ffac8aa0000 - 0x00007ffac8ac4000 	C:\Windows\System32\profapi.dll
0x00007ffac8a20000 - 0x00007ffac8a7d000 	C:\Windows\System32\powrprof.dll
0x00007ffaca350000 - 0x00007ffaca3a2000 	C:\Windows\System32\shlwapi.dll
0x00007ffac8a80000 - 0x00007ffac8a91000 	C:\Windows\System32\kernel.appcore.dll
0x00007ffac8b10000 - 0x00007ffac8b27000 	C:\Windows\System32\cryptsp.dll
0x00007ffac4930000 - 0x00007ffac494a000 	C:\Program Files\Android\Android Studio\jre\jre\bin\net.dll
0x00007ffac8240000 - 0x00007ffac82a7000 	C:\Windows\system32\mswsock.dll
0x00007ffac4910000 - 0x00007ffac4921000 	C:\Program Files\Android\Android Studio\jre\jre\bin\nio.dll
0x00007ffac01c0000 - 0x00007ffac01de000 	C:\Users\MadCat\.gradle\native\25\windows-amd64\native-platform.dll
0x00007ffac6b90000 - 0x00007ffac6b9d000 	C:\Program Files\Android\Android Studio\jre\jre\bin\management.dll
0x00007ffac7e00000 - 0x00007ffac7e33000 	C:\Windows\system32\rsaenh.dll
0x00007ffac8b30000 - 0x00007ffac8b56000 	C:\Windows\System32\bcrypt.dll
0x00007ffac8920000 - 0x00007ffac8948000 	C:\Windows\SYSTEM32\USERENV.dll
0x00007ffac8410000 - 0x00007ffac841c000 	C:\Windows\SYSTEM32\CRYPTBASE.dll
0x00007ffac7fa0000 - 0x00007ffac7fdd000 	C:\Windows\SYSTEM32\IPHLPAPI.DLL
0x00007ffacbf30000 - 0x00007ffacbf38000 	C:\Windows\System32\NSI.dll
0x00007ffabfdc0000 - 0x00007ffabfdd6000 	C:\Windows\SYSTEM32\dhcpcsvc6.DLL
0x00007ffabfc30000 - 0x00007ffabfc4c000 	C:\Windows\SYSTEM32\dhcpcsvc.DLL
0x00007ffac7fe0000 - 0x00007ffac80a6000 	C:\Windows\SYSTEM32\DNSAPI.dll

VM Arguments:
jvm_args: -Xmx1536m -Dfile.encoding=windows-1251 -Duser.country=RU -Duser.language=ru -Duser.variant 
java_command: org.gradle.launcher.daemon.bootstrap.GradleDaemon 4.10.1
java_class_path (initial): C:\Users\MadCat\.gradle\wrapper\dists\gradle-4.10.1-all\455itskqi2qtf0v2sja68alqd\gradle-4.10.1\lib\gradle-launcher-4.10.1.jar
Launcher Type: SUN_STANDARD

Environment Variables:
PATH=C:\Program Files (x86)\Common Files\Oracle\Java\javapath;C:\Windows\system32;C:\Windows;C:\Windows\System32\Wbem;C:\Windows\System32\WindowsPowerShell\v1.0\;C:\Windows\System32\OpenSSH\;C:\Program Files (x86)\NVIDIA Corporation\PhysX\Common;C:\Program Files\Git\cmd;C:\Users\MadCat\AppData\Local\Microsoft\WindowsApps;
USERNAME=MadCat
OS=Windows_NT
PROCESSOR_IDENTIFIER=Intel64 Family 6 Model 58 Stepping 9, GenuineIntel



---------------  S Y S T E M  ---------------

OS: Windows 10.0 , 64 bit Build 17763 (10.0.17763.437)

CPU:total 8 (initial active 8) (4 cores per cpu, 2 threads per core) family 6 model 58 stepping 9, cmov, cx8, fxsr, mmx, sse, sse2, sse3, ssse3, sse4.1, sse4.2, popcnt, avx, aes, clmul, erms, ht, tsc, tscinvbit, tscinv

Memory: 4k page, physical 8246884k(1003872k free), swap 9066084k(5676k free)

vm_info: OpenJDK 64-Bit Server VM (25.152-b01) for windows-amd64 JRE (1.8.0_152-release-1248-b01), built by "builder" with MS VC++ 10.0 (VS2010)

time: Tue Apr 16 22:37:34 2019
elapsed time: 4648 seconds (0d 1h 17m 28s)

