#
# There is insufficient memory for the Java Runtime Environment to continue.
# Native memory allocation (malloc) failed to allocate 871856 bytes for Chunk::new
# Possible reasons:
#   The system is out of physical RAM or swap space
#   In 32 bit mode, the process size limit was hit
# Possible solutions:
#   Reduce memory load on the system
#   Increase physical memory or swap space
#   Check if swap backing store is full
#   Use 64 bit Java on a 64 bit OS
#   Decrease Java heap size (-Xmx/-Xms)
#   Decrease number of Java threads
#   Decrease Java thread stack sizes (-Xss)
#   Set larger code cache with -XX:ReservedCodeCacheSize=
# This output file may be truncated or incomplete.
#
#  Out of Memory Error (allocation.cpp:390), pid=520, tid=0x0000000000002374
#
# JRE version: OpenJDK Runtime Environment (8.0_152-b01) (build 1.8.0_152-release-1248-b01)
# Java VM: OpenJDK 64-Bit Server VM (25.152-b01 mixed mode windows-amd64 compressed oops)
# Failed to write core dump. Minidumps are not enabled by default on client versions of Windows
#

---------------  T H R E A D  ---------------

Current thread (0x0000000019157800):  JavaThread "C2 CompilerThread0" daemon [_thread_in_native, id=9076, stack(0x0000000019930000,0x0000000019a30000)]

Stack: [0x0000000019930000,0x0000000019a30000]
[error occurred during error reporting (printing stack bounds), id 0xc0000005]

Native frames: (J=compiled Java code, j=interpreted, Vv=VM code, C=native code)


Current CompileTask:
C2: 201521 18808   !   4       com.android.tools.build.apkzlib.zip.CentralDirectory::readEntry (698 bytes)


---------------  P R O C E S S  ---------------

Java Threads: ( => current thread )
  0x000000001e1da800 JavaThread "ForkJoinPool.commonPool-worker-2" daemon [_thread_blocked, id=5652, stack(0x000000002b0b0000,0x000000002b1b0000)]
  0x000000001e1dc000 JavaThread "ForkJoinPool.commonPool-worker-6" daemon [_thread_blocked, id=10028, stack(0x000000002afb0000,0x000000002b0b0000)]
  0x000000001e1e1800 JavaThread "ForkJoinPool.commonPool-worker-0" daemon [_thread_blocked, id=1544, stack(0x000000002aeb0000,0x000000002afb0000)]
  0x000000001e1da000 JavaThread "Cache worker for Java compile cache (H:\AndroidProjects\GitHub\CurrencyRateApp\.gradle\4.10.1\javaCompile)" [_thread_blocked, id=11068, stack(0x000000002adb0000,0x000000002aeb0000)]
  0x000000001e1e0800 JavaThread "Cache worker for Java compile cache (C:\Users\MadCat\.gradle\caches\4.10.1\javaCompile)" [_thread_blocked, id=6312, stack(0x000000002acb0000,0x000000002adb0000)]
  0x000000001e1e0000 JavaThread "stdout" daemon [_thread_in_native, id=6900, stack(0x000000002abb0000,0x000000002acb0000)]
  0x000000001e1d9000 JavaThread "stderr" daemon [_thread_in_native, id=10444, stack(0x000000002aab0000,0x000000002abb0000)]
  0x000000001e1dd800 JavaThread "stdout" daemon [_thread_in_native, id=7408, stack(0x000000002a9b0000,0x000000002aab0000)]
  0x000000001e1df000 JavaThread "stderr" daemon [_thread_in_native, id=11248, stack(0x000000002a8b0000,0x000000002a9b0000)]
  0x0000000020736000 JavaThread "stdout" daemon [_thread_in_native, id=5824, stack(0x000000002a7b0000,0x000000002a8b0000)]
  0x0000000020735000 JavaThread "stderr" daemon [_thread_in_native, id=9108, stack(0x000000002a6b0000,0x000000002a7b0000)]
  0x0000000020733000 JavaThread "stdout" daemon [_thread_in_native, id=2264, stack(0x000000002a5b0000,0x000000002a6b0000)]
  0x0000000020732000 JavaThread "stderr" daemon [_thread_in_native, id=2676, stack(0x000000002a4b0000,0x000000002a5b0000)]
  0x0000000020731000 JavaThread "stdout" daemon [_thread_in_native, id=6600, stack(0x000000002a3b0000,0x000000002a4b0000)]
  0x0000000020734800 JavaThread "stderr" daemon [_thread_in_native, id=11060, stack(0x000000002a2b0000,0x000000002a3b0000)]
  0x0000000020733800 JavaThread "stdout" daemon [_thread_in_native, id=1900, stack(0x000000002a1b0000,0x000000002a2b0000)]
  0x0000000020729800 JavaThread "stderr" daemon [_thread_in_native, id=4336, stack(0x000000002a0b0000,0x000000002a1b0000)]
  0x0000000020730800 JavaThread "stdout" daemon [_thread_in_native, id=9008, stack(0x0000000029fb0000,0x000000002a0b0000)]
  0x0000000020729000 JavaThread "stderr" daemon [_thread_in_native, id=4340, stack(0x0000000029eb0000,0x0000000029fb0000)]
  0x000000002072f800 JavaThread "pool-5-thread-1" [_thread_blocked, id=6444, stack(0x0000000029db0000,0x0000000029eb0000)]
  0x0000000020728000 JavaThread "ForkJoinPool.commonPool-worker-7" daemon [_thread_blocked, id=4508, stack(0x0000000029cb0000,0x0000000029db0000)]
  0x000000002072e000 JavaThread "ForkJoinPool.commonPool-worker-4" daemon [_thread_blocked, id=2748, stack(0x00000000299b0000,0x0000000029ab0000)]
  0x000000002072c800 JavaThread "ForkJoinPool.commonPool-worker-1" daemon [_thread_blocked, id=2624, stack(0x00000000296b0000,0x00000000297b0000)]
  0x000000001d6ac800 JavaThread "Cache worker for Build Output Cleanup Cache (H:\AndroidProjects\GitHub\CurrencyRateApp\.gradle\buildOutputCleanup)" [_thread_blocked, id=5760, stack(0x00000000295b0000,0x00000000296b0000)]
  0x000000001d6ac000 JavaThread "Cache worker for task history cache (H:\AndroidProjects\GitHub\CurrencyRateApp\.gradle\4.10.1\taskHistory)" [_thread_blocked, id=11240, stack(0x00000000294b0000,0x00000000295b0000)]
  0x000000001d6a9000 JavaThread "Task worker for ':' Thread 7" [_thread_blocked, id=4140, stack(0x00000000293b0000,0x00000000294b0000)]
  0x000000001d6a8000 JavaThread "Task worker for ':' Thread 6" [_thread_blocked, id=7372, stack(0x00000000292b0000,0x00000000293b0000)]
  0x000000001d6ab000 JavaThread "Task worker for ':' Thread 5" [_thread_blocked, id=4532, stack(0x00000000291b0000,0x00000000292b0000)]
  0x000000001d6a9800 JavaThread "Task worker for ':' Thread 4" [_thread_blocked, id=5348, stack(0x00000000290b0000,0x00000000291b0000)]
  0x000000001d6ad800 JavaThread "Task worker for ':' Thread 3" [_thread_blocked, id=10116, stack(0x0000000028fb0000,0x00000000290b0000)]
  0x000000001d6a7800 JavaThread "Task worker for ':' Thread 2" [_thread_blocked, id=9648, stack(0x0000000028eb0000,0x0000000028fb0000)]
  0x000000001d6aa800 JavaThread "Task worker for ':'" [_thread_in_native, id=676, stack(0x0000000028db0000,0x0000000028eb0000)]
  0x000000001d6ae000 JavaThread "Cache worker for file content cache (H:\AndroidProjects\GitHub\CurrencyRateApp\.gradle\4.10.1\fileContent)" [_thread_blocked, id=1524, stack(0x0000000028cb0000,0x0000000028db0000)]
  0x000000001d6a0000 JavaThread "Cache worker for file content cache (C:\Users\MadCat\.gradle\caches\4.10.1\fileContent)" [_thread_blocked, id=6960, stack(0x0000000028bb0000,0x0000000028cb0000)]
  0x000000001d6a6800 JavaThread "pool-4-thread-1" [_thread_blocked, id=9528, stack(0x0000000028ab0000,0x0000000028bb0000)]
  0x000000001d69f000 JavaThread "Build operations Thread 8" [_thread_blocked, id=1904, stack(0x00000000289b0000,0x0000000028ab0000)]
  0x000000001d6a3000 JavaThread "Build operations Thread 7" [_thread_blocked, id=5244, stack(0x00000000288b0000,0x00000000289b0000)]
  0x000000001d6a2000 JavaThread "Build operations Thread 6" [_thread_blocked, id=9864, stack(0x00000000287b0000,0x00000000288b0000)]
  0x000000001d6a3800 JavaThread "Build operations Thread 5" [_thread_blocked, id=6508, stack(0x00000000286b0000,0x00000000287b0000)]
  0x000000001d6a1800 JavaThread "Build operations Thread 4" [_thread_blocked, id=5732, stack(0x00000000285b0000,0x00000000286b0000)]
  0x000000001d6a4800 JavaThread "Build operations Thread 3" [_thread_blocked, id=4852, stack(0x00000000284b0000,0x00000000285b0000)]
  0x000000001c7e5000 JavaThread "Build operations Thread 2" [_thread_blocked, id=3592, stack(0x00000000283b0000,0x00000000284b0000)]
  0x000000001c7e8000 JavaThread "Build operations" [_thread_blocked, id=6536, stack(0x00000000282b0000,0x00000000283b0000)]
  0x000000001c7e4000 JavaThread "Cache worker for cache directory md-rule (C:\Users\MadCat\.gradle\caches\4.10.1\md-rule)" [_thread_blocked, id=5772, stack(0x00000000281b0000,0x00000000282b0000)]
  0x000000001c7db000 JavaThread "Cache worker for cache directory md-supplier (C:\Users\MadCat\.gradle\caches\4.10.1\md-supplier)" [_thread_blocked, id=2860, stack(0x00000000280b0000,0x00000000281b0000)]
  0x000000001c7e2000 JavaThread "Cache worker for file hash cache (H:\AndroidProjects\GitHub\CurrencyRateApp\.gradle\4.10.1\fileHashes)" [_thread_blocked, id=2828, stack(0x0000000027fb0000,0x00000000280b0000)]
  0x000000001c7da800 JavaThread "Asynchronous log dispatcher for DefaultDaemonConnection: socket connection from /127.0.0.1:57894 to /127.0.0.1:57915" [_thread_blocked, id=6824, stack(0x0000000027db0000,0x0000000027eb0000)]
  0x000000001c7e1000 JavaThread "Daemon worker Thread 2" [_thread_blocked, id=204, stack(0x0000000027cb0000,0x0000000027db0000)]
  0x000000001c7de000 JavaThread "Cancel handler" [_thread_blocked, id=7476, stack(0x0000000027bb0000,0x0000000027cb0000)]
  0x000000001c7e0800 JavaThread "Handler for socket connection from /127.0.0.1:57894 to /127.0.0.1:57915" [_thread_in_native, id=7184, stack(0x0000000027ab0000,0x0000000027bb0000)]
  0x000000001c7df000 JavaThread "Daemon Thread 2" [_thread_blocked, id=8684, stack(0x00000000279b0000,0x0000000027ab0000)]
  0x000000001c7e3800 JavaThread "Memory manager" [_thread_blocked, id=7108, stack(0x00000000252b0000,0x00000000253b0000)]
  0x000000001c7dd800 JavaThread "Cache worker for Artifact transforms cache (C:\Users\MadCat\.gradle\caches\transforms-1)" [_thread_blocked, id=9592, stack(0x0000000022b60000,0x0000000022c60000)]
  0x000000001b36e000 JavaThread "Cache worker for journal cache (C:\Users\MadCat\.gradle\caches\journal-1)" [_thread_blocked, id=2152, stack(0x000000001ec30000,0x000000001ed30000)]
  0x000000001c7f4800 JavaThread "File lock request listener" [_thread_in_native, id=3720, stack(0x000000001da60000,0x000000001db60000)]
  0x000000001b3a8800 JavaThread "Cache worker for file hash cache (C:\Users\MadCat\.gradle\caches\4.10.1\fileHashes)" [_thread_blocked, id=11220, stack(0x000000001d960000,0x000000001da60000)]
  0x000000001a808800 JavaThread "Daemon periodic checks" [_thread_blocked, id=6836, stack(0x000000001be90000,0x000000001bf90000)]
  0x000000001a807800 JavaThread "Incoming local TCP Connector on port 57894" [_thread_in_native, id=8660, stack(0x000000001bc40000,0x000000001bd40000)]
  0x00000000191c3000 JavaThread "Service Thread" daemon [_thread_blocked, id=10940, stack(0x0000000019d30000,0x0000000019e30000)]
  0x0000000019169800 JavaThread "C1 CompilerThread3" daemon [_thread_blocked, id=9028, stack(0x0000000019c30000,0x0000000019d30000)]
  0x000000001915e800 JavaThread "C2 CompilerThread2" daemon [_thread_blocked, id=11044, stack(0x0000000019b30000,0x0000000019c30000)]
  0x000000001915d800 JavaThread "C2 CompilerThread1" daemon [_thread_blocked, id=2552, stack(0x0000000019a30000,0x0000000019b30000)]
=>0x0000000019157800 JavaThread "C2 CompilerThread0" daemon [_thread_in_native, id=9076, stack(0x0000000019930000,0x0000000019a30000)]
  0x000000001723e800 JavaThread "Attach Listener" daemon [_thread_blocked, id=9644, stack(0x0000000019830000,0x0000000019930000)]
  0x000000000346e800 JavaThread "Signal Dispatcher" daemon [_thread_blocked, id=8444, stack(0x0000000019730000,0x0000000019830000)]
  0x0000000003468800 JavaThread "Finalizer" daemon [_thread_blocked, id=6380, stack(0x0000000019530000,0x0000000019630000)]
  0x000000001722c800 JavaThread "Reference Handler" daemon [_thread_blocked, id=5144, stack(0x0000000019030000,0x0000000019130000)]
  0x000000000336d800 JavaThread "main" [_thread_blocked, id=9596, stack(0x00000000031d0000,0x00000000032d0000)]

Other Threads:
  0x0000000003465800 VMThread [stack: 0x0000000018f30000,0x0000000019030000] [id=4712]
  0x00000000191c3800 WatcherThread [stack: 0x0000000019e30000,0x0000000019f30000] [id=5304]

VM state:not at safepoint (normal execution)

VM Mutex/Monitor currently owned by a thread: None

Heap:
 PSYoungGen      total 463360K, used 164028K [0x00000000e0000000, 0x00000000ffc80000, 0x0000000100000000)
  eden space 406016K, 32% used [0x00000000e0000000,0x00000000e8242c90,0x00000000f8c80000)
  from space 57344K, 53% used [0x00000000fc480000,0x00000000fe26c370,0x00000000ffc80000)
  to   space 57344K, 0% used [0x00000000f8c80000,0x00000000f8c80000,0x00000000fc480000)
 ParOldGen       total 121856K, used 73613K [0x00000000a0000000, 0x00000000a7700000, 0x00000000e0000000)
  object space 121856K, 60% used [0x00000000a0000000,0x00000000a47e34c8,0x00000000a7700000)
 Metaspace       used 96269K, capacity 99740K, committed 100224K, reserved 1136640K
  class space    used 12254K, capacity 13008K, committed 13184K, reserved 1048576K

Card table byte_map: [0x0000000012830000,0x0000000012b40000] byte_map_base: 0x0000000012330000

Marking Bits: (ParMarkBitMap*) 0x00000000599d5aa0
 Begin Bits: [0x0000000013540000, 0x0000000014d40000)
 End Bits:   [0x0000000014d40000, 0x0000000016540000)

Polling page: 0x0000000001490000

CodeCache: size=245760Kb used=48511Kb max_used=48907Kb free=197248Kb
 bounds [0x0000000003470000, 0x00000000064a0000, 0x0000000012470000]
 total_blobs=16239 nmethods=15334 adapters=816
 compilation: enabled

Compilation events (10 events):
Event: 201.488 Thread 0x0000000019169800 18910       3       java.io.RandomAccessFile::access$000 (5 bytes)
Event: 201.489 Thread 0x0000000019169800 nmethod 18910 0x00000000061b7b10 code [0x00000000061b7c80, 0x00000000061b7de8]
Event: 201.515 Thread 0x0000000019169800 18912  s    3       com.android.tools.build.apkzlib.bytestorage.LruTracker::untrack (43 bytes)
Event: 201.516 Thread 0x0000000019169800 nmethod 18912 0x0000000005fe2250 code [0x0000000005fe2420, 0x0000000005fe2c48]
Event: 201.516 Thread 0x0000000019169800 18913       3       com.google.common.collect.HashBiMap::get (13 bytes)
Event: 201.516 Thread 0x0000000019169800 nmethod 18913 0x0000000005c36310 code [0x0000000005c364c0, 0x0000000005c36a58]
Event: 201.517 Thread 0x0000000019169800 18914       3       com.google.common.base.Preconditions::checkArgument (28 bytes)
Event: 201.518 Thread 0x0000000019169800 nmethod 18914 0x0000000006255d90 code [0x0000000006255f40, 0x00000000062565f8]
Event: 201.519 Thread 0x0000000019169800 18915       3       com.android.tools.build.apkzlib.zip.utils.CloseableDelegateByteSource::openStream (8 bytes)
Event: 201.519 Thread 0x0000000019169800 nmethod 18915 0x0000000005a8b610 code [0x0000000005a8b7a0, 0x0000000005a8bcb8]

GC Heap History (10 events):
Event: 195.341 GC heap before
{Heap before GC invocations=26 (full 3):
 PSYoungGen      total 344064K, used 342753K [0x00000000e0000000, 0x00000000f7900000, 0x0000000100000000)
  eden space 311808K, 100% used [0x00000000e0000000,0x00000000f3080000,0x00000000f3080000)
  from space 32256K, 95% used [0x00000000f5480000,0x00000000f72b85d0,0x00000000f7400000)
  to   space 36864K, 0% used [0x00000000f3080000,0x00000000f3080000,0x00000000f5480000)
 ParOldGen       total 121856K, used 43540K [0x00000000a0000000, 0x00000000a7700000, 0x00000000e0000000)
  object space 121856K, 35% used [0x00000000a0000000,0x00000000a2a85070,0x00000000a7700000)
 Metaspace       used 92065K, capacity 95400K, committed 95616K, reserved 1132544K
  class space    used 11883K, capacity 12628K, committed 12672K, reserved 1048576K
Event: 195.390 GC heap after
Heap after GC invocations=26 (full 3):
 PSYoungGen      total 348672K, used 36851K [0x00000000e0000000, 0x00000000faa00000, 0x0000000100000000)
  eden space 311808K, 0% used [0x00000000e0000000,0x00000000e0000000,0x00000000f3080000)
  from space 36864K, 99% used [0x00000000f3080000,0x00000000f547cc58,0x00000000f5480000)
  to   space 50176K, 0% used [0x00000000f7900000,0x00000000f7900000,0x00000000faa00000)
 ParOldGen       total 121856K, used 62964K [0x00000000a0000000, 0x00000000a7700000, 0x00000000e0000000)
  object space 121856K, 51% used [0x00000000a0000000,0x00000000a3d7d070,0x00000000a7700000)
 Metaspace       used 92065K, capacity 95400K, committed 95616K, reserved 1132544K
  class space    used 11883K, capacity 12628K, committed 12672K, reserved 1048576K
}
Event: 196.735 GC heap before
{Heap before GC invocations=27 (full 3):
 PSYoungGen      total 348672K, used 348659K [0x00000000e0000000, 0x00000000faa00000, 0x0000000100000000)
  eden space 311808K, 100% used [0x00000000e0000000,0x00000000f3080000,0x00000000f3080000)
  from space 36864K, 99% used [0x00000000f3080000,0x00000000f547cc58,0x00000000f5480000)
  to   space 50176K, 0% used [0x00000000f7900000,0x00000000f7900000,0x00000000faa00000)
 ParOldGen       total 121856K, used 62964K [0x00000000a0000000, 0x00000000a7700000, 0x00000000e0000000)
  object space 121856K, 51% used [0x00000000a0000000,0x00000000a3d7d070,0x00000000a7700000)
 Metaspace       used 94582K, capacity 98310K, committed 98560K, reserved 1134592K
  class space    used 12159K, capacity 12937K, committed 13056K, reserved 1048576K
Event: 196.782 GC heap after
Heap after GC invocations=27 (full 3):
 PSYoungGen      total 377344K, used 50164K [0x00000000e0000000, 0x00000000fd380000, 0x0000000100000000)
  eden space 327168K, 0% used [0x00000000e0000000,0x00000000e0000000,0x00000000f3f80000)
  from space 50176K, 99% used [0x00000000f7900000,0x00000000fa9fd000,0x00000000faa00000)
  to   space 58880K, 0% used [0x00000000f3f80000,0x00000000f3f80000,0x00000000f7900000)
 ParOldGen       total 121856K, used 63400K [0x00000000a0000000, 0x00000000a7700000, 0x00000000e0000000)
  object space 121856K, 52% used [0x00000000a0000000,0x00000000a3dea2b0,0x00000000a7700000)
 Metaspace       used 94582K, capacity 98310K, committed 98560K, reserved 1134592K
  class space    used 12159K, capacity 12937K, committed 13056K, reserved 1048576K
}
Event: 196.903 GC heap before
{Heap before GC invocations=28 (full 3):
 PSYoungGen      total 377344K, used 90395K [0x00000000e0000000, 0x00000000fd380000, 0x0000000100000000)
  eden space 327168K, 12% used [0x00000000e0000000,0x00000000e2749fc8,0x00000000f3f80000)
  from space 50176K, 99% used [0x00000000f7900000,0x00000000fa9fd000,0x00000000faa00000)
  to   space 58880K, 0% used [0x00000000f3f80000,0x00000000f3f80000,0x00000000f7900000)
 ParOldGen       total 121856K, used 63400K [0x00000000a0000000, 0x00000000a7700000, 0x00000000e0000000)
  object space 121856K, 52% used [0x00000000a0000000,0x00000000a3dea2b0,0x00000000a7700000)
 Metaspace       used 94671K, capacity 98378K, committed 98560K, reserved 1134592K
  class space    used 12159K, capacity 12937K, committed 13056K, reserved 1048576K
Event: 196.943 GC heap after
Heap after GC invocations=28 (full 3):
 PSYoungGen      total 386048K, used 28556K [0x00000000e0000000, 0x00000000ffd00000, 0x0000000100000000)
  eden space 327168K, 0% used [0x00000000e0000000,0x00000000e0000000,0x00000000f3f80000)
  from space 58880K, 48% used [0x00000000f3f80000,0x00000000f5b63348,0x00000000f7900000)
  to   space 57856K, 0% used [0x00000000fc480000,0x00000000fc480000,0x00000000ffd00000)
 ParOldGen       total 121856K, used 81435K [0x00000000a0000000, 0x00000000a7700000, 0x00000000e0000000)
  object space 121856K, 66% used [0x00000000a0000000,0x00000000a4f86e30,0x00000000a7700000)
 Metaspace       used 94671K, capacity 98378K, committed 98560K, reserved 1134592K
  class space    used 12159K, capacity 12937K, committed 13056K, reserved 1048576K
}
Event: 196.943 GC heap before
{Heap before GC invocations=29 (full 4):
 PSYoungGen      total 386048K, used 28556K [0x00000000e0000000, 0x00000000ffd00000, 0x0000000100000000)
  eden space 327168K, 0% used [0x00000000e0000000,0x00000000e0000000,0x00000000f3f80000)
  from space 58880K, 48% used [0x00000000f3f80000,0x00000000f5b63348,0x00000000f7900000)
  to   space 57856K, 0% used [0x00000000fc480000,0x00000000fc480000,0x00000000ffd00000)
 ParOldGen       total 121856K, used 81435K [0x00000000a0000000, 0x00000000a7700000, 0x00000000e0000000)
  object space 121856K, 66% used [0x00000000a0000000,0x00000000a4f86e30,0x00000000a7700000)
 Metaspace       used 94671K, capacity 98378K, committed 98560K, reserved 1134592K
  class space    used 12159K, capacity 12937K, committed 13056K, reserved 1048576K
Event: 197.143 GC heap after
Heap after GC invocations=29 (full 4):
 PSYoungGen      total 386048K, used 0K [0x00000000e0000000, 0x00000000ffd00000, 0x0000000100000000)
  eden space 327168K, 0% used [0x00000000e0000000,0x00000000e0000000,0x00000000f3f80000)
  from space 58880K, 0% used [0x00000000f3f80000,0x00000000f3f80000,0x00000000f7900000)
  to   space 57856K, 0% used [0x00000000fc480000,0x00000000fc480000,0x00000000ffd00000)
 ParOldGen       total 121856K, used 73605K [0x00000000a0000000, 0x00000000a7700000, 0x00000000e0000000)
  object space 121856K, 60% used [0x00000000a0000000,0x00000000a47e14c8,0x00000000a7700000)
 Metaspace       used 94364K, capacity 97556K, committed 98560K, reserved 1134592K
  class space    used 12052K, capacity 12752K, committed 13056K, reserved 1048576K
}
Event: 199.666 GC heap before
{Heap before GC invocations=30 (full 4):
 PSYoungGen      total 386048K, used 327168K [0x00000000e0000000, 0x00000000ffd00000, 0x0000000100000000)
  eden space 327168K, 100% used [0x00000000e0000000,0x00000000f3f80000,0x00000000f3f80000)
  from space 58880K, 0% used [0x00000000f3f80000,0x00000000f3f80000,0x00000000f7900000)
  to   space 57856K, 0% used [0x00000000fc480000,0x00000000fc480000,0x00000000ffd00000)
 ParOldGen       total 121856K, used 73605K [0x00000000a0000000, 0x00000000a7700000, 0x00000000e0000000)
  object space 121856K, 60% used [0x00000000a0000000,0x00000000a47e14c8,0x00000000a7700000)
 Metaspace       used 95259K, capacity 98642K, committed 99584K, reserved 1136640K
  class space    used 12110K, capacity 12847K, committed 13056K, reserved 1048576K
Event: 199.701 GC heap after
Heap after GC invocations=30 (full 4):
 PSYoungGen      total 463360K, used 30640K [0x00000000e0000000, 0x00000000ffc80000, 0x0000000100000000)
  eden space 406016K, 0% used [0x00000000e0000000,0x00000000e0000000,0x00000000f8c80000)
  from space 57344K, 53% used [0x00000000fc480000,0x00000000fe26c370,0x00000000ffc80000)
  to   space 57344K, 0% used [0x00000000f8c80000,0x00000000f8c80000,0x00000000fc480000)
 ParOldGen       total 121856K, used 73613K [0x00000000a0000000, 0x00000000a7700000, 0x00000000e0000000)
  object space 121856K, 60% used [0x00000000a0000000,0x00000000a47e34c8,0x00000000a7700000)
 Metaspace       used 95259K, capacity 98642K, committed 99584K, reserved 1136640K
  class space    used 12110K, capacity 12847K, committed 13056K, reserved 1048576K
}

Deoptimization events (10 events):
Event: 201.420 Thread 0x000000001d6aa800 Uncommon trap: reason=class_check action=maybe_recompile pc=0x0000000006438c10 method=com.android.tools.build.apkzlib.zip.CentralDirectoryHeader.getCompressionInfoWithWait()Lcom/android/tools/build/apkzlib/zip/CentralDirectoryHeaderCompressInfo; @ 4
Event: 201.420 Thread 0x000000001d6aa800 Uncommon trap: reason=unstable_if action=reinterpret pc=0x0000000006063114 method=com.android.tools.build.apkzlib.zip.ExtraField.size()I @ 4
Event: 201.420 Thread 0x000000001d6aa800 Uncommon trap: reason=class_check action=maybe_recompile pc=0x0000000006438c10 method=com.android.tools.build.apkzlib.zip.CentralDirectoryHeader.getCompressionInfoWithWait()Lcom/android/tools/build/apkzlib/zip/CentralDirectoryHeaderCompressInfo; @ 4
Event: 201.422 Thread 0x000000001d6aa800 Uncommon trap: reason=class_check action=maybe_recompile pc=0x00000000055d9c54 method=java.util.TreeMap$KeySet.iterator()Ljava/util/Iterator; @ 25
Event: 201.422 Thread 0x000000001d6aa800 Uncommon trap: reason=class_check action=maybe_recompile pc=0x0000000006438c10 method=com.android.tools.build.apkzlib.zip.CentralDirectoryHeader.getCompressionInfoWithWait()Lcom/android/tools/build/apkzlib/zip/CentralDirectoryHeaderCompressInfo; @ 4
Event: 201.425 Thread 0x000000001d6aa800 Uncommon trap: reason=class_check action=maybe_recompile pc=0x0000000006438c10 method=com.android.tools.build.apkzlib.zip.CentralDirectoryHeader.getCompressionInfoWithWait()Lcom/android/tools/build/apkzlib/zip/CentralDirectoryHeaderCompressInfo; @ 4
Event: 201.425 Thread 0x000000001d6aa800 Uncommon trap: reason=class_check action=maybe_recompile pc=0x00000000055d9c54 method=java.util.TreeMap$KeySet.iterator()Ljava/util/Iterator; @ 25
Event: 201.427 Thread 0x000000001d6aa800 Uncommon trap: reason=class_check action=maybe_recompile pc=0x00000000055d9c54 method=java.util.TreeMap$KeySet.iterator()Ljava/util/Iterator; @ 25
Event: 201.429 Thread 0x000000001d6aa800 Uncommon trap: reason=class_check action=maybe_recompile pc=0x00000000055d9c54 method=java.util.TreeMap$KeySet.iterator()Ljava/util/Iterator; @ 25
Event: 201.431 Thread 0x000000001d6aa800 Uncommon trap: reason=class_check action=maybe_recompile pc=0x00000000055cbe04 method=java.util.TreeMap$KeySet.iterator()Ljava/util/Iterator; @ 25

Classes redefined (0 events):
No events

Internal exceptions (10 events):
Event: 199.395 Thread 0x000000002072d800 Implicit null exception at 0x00000000061a3c3e to 0x00000000061a4467
Event: 199.430 Thread 0x000000002072a800 Implicit null exception at 0x000000000427344c to 0x000000000427376c
Event: 199.430 Thread 0x000000002072a800 Exception <a 'sun/nio/fs/WindowsException'> (0x00000000f1976d00) thrown at [D:\src\AOSP-openjdk-cygwin\jdk8u\hotspot\src\share\vm\prims\jni.cpp, line 709]
Event: 199.837 Thread 0x000000002072a800 Exception <a 'sun/nio/fs/WindowsException'> (0x00000000e0d768f8) thrown at [D:\src\AOSP-openjdk-cygwin\jdk8u\hotspot\src\share\vm\prims\jni.cpp, line 709]
Event: 200.128 Thread 0x000000001d6aa800 Exception <a 'sun/nio/fs/WindowsException'> (0x00000000e0f56c50) thrown at [D:\src\AOSP-openjdk-cygwin\jdk8u\hotspot\src\share\vm\prims\jni.cpp, line 709]
Event: 200.138 Thread 0x000000001d6aa800 Exception <a 'java/lang/NoSuchMethodError': java.lang.Object.lambda$asRunnable$0(Lcom/android/tools/build/apkzlib/utils/IOExceptionRunnable;)V> (0x00000000e0fd83c8) thrown at [D:\src\AOSP-openjdk-cygwin\jdk8u\hotspot\src\share\vm\interpreter\linkResolver.
Event: 200.165 Thread 0x000000001d6aa800 Exception <a 'java/lang/NoSuchMethodError': java.lang.Object.newSystemTemporaryDirectory()Lcom/android/tools/build/apkzlib/bytestorage/TemporaryDirectory;> (0x00000000e17b6298) thrown at [D:\src\AOSP-openjdk-cygwin\jdk8u\hotspot\src\share\vm\interpreter\l
Event: 200.578 Thread 0x000000001d6aa800 Exception <a 'java/lang/NoSuchMethodError': <clinit>> (0x00000000e35fa2d0) thrown at [D:\src\AOSP-openjdk-cygwin\jdk8u\hotspot\src\share\vm\prims\jni.cpp, line 1613]
Event: 201.115 Thread 0x000000001d6aa800 Exception <a 'sun/nio/fs/WindowsException'> (0x00000000e3b4cfd8) thrown at [D:\src\AOSP-openjdk-cygwin\jdk8u\hotspot\src\share\vm\prims\jni.cpp, line 709]
Event: 201.420 Thread 0x000000001d6aa800 Implicit null exception at 0x00000000060630f0 to 0x0000000006063100

Events (10 events):
Event: 201.429 Thread 0x000000001d6aa800 DEOPT UNPACKING pc=0x00000000034b557b sp=0x0000000028eaca50 mode 2
Event: 201.431 Thread 0x000000001d6aa800 Uncommon trap: trap_request=0xffffffde fr.pc=0x00000000055cbe04
Event: 201.431 Thread 0x000000001d6aa800 DEOPT PACKING pc=0x00000000055cbe04 sp=0x0000000028eacab0
Event: 201.431 Thread 0x000000001d6aa800 DEOPT UNPACKING pc=0x00000000034b557b sp=0x0000000028eaca48 mode 2
Event: 201.514 loading class com/android/tools/build/apkzlib/utils/IOExceptionRunnable
Event: 201.514 loading class com/android/tools/build/apkzlib/utils/IOExceptionRunnable done
Event: 201.514 loading class com/android/tools/build/apkzlib/utils/IOExceptionFunction
Event: 201.514 loading class com/android/tools/build/apkzlib/utils/IOExceptionFunction done
Event: 201.514 loading class com/android/tools/build/apkzlib/utils/IOExceptionFunction
Event: 201.514 loading class com/android/tools/build/apkzlib/utils/IOExceptionFunction done


Dynamic libraries:
0x00007ff6d88a0000 - 0x00007ff6d88d1000 	C:\Program Files\Android\Android Studio\jre\bin\java.exe
0x00007ffacca20000 - 0x00007ffaccc0d000 	C:\Windows\SYSTEM32\ntdll.dll
0x00007ffacbcd0000 - 0x00007ffacbd83000 	C:\Windows\System32\KERNEL32.DLL
0x00007ffac99b0000 - 0x00007ffac9c43000 	C:\Windows\System32\KERNELBASE.dll
0x00007ffac9c50000 - 0x00007ffac9cf3000 	C:\Windows\System32\ADVAPI32.dll
0x00007ffacbf40000 - 0x00007ffacbfde000 	C:\Windows\System32\msvcrt.dll
0x00007ffacba30000 - 0x00007ffacbace000 	C:\Windows\System32\sechost.dll
0x00007ffaca0c0000 - 0x00007ffaca1e2000 	C:\Windows\System32\RPCRT4.dll
0x00007ffacbb30000 - 0x00007ffacbcc7000 	C:\Windows\System32\USER32.dll
0x00007ffac8af0000 - 0x00007ffac8b10000 	C:\Windows\System32\win32u.dll
0x00007ffaca480000 - 0x00007ffaca4a9000 	C:\Windows\System32\GDI32.dll
0x00007ffac9760000 - 0x00007ffac98fa000 	C:\Windows\System32\gdi32full.dll
0x00007ffac96c0000 - 0x00007ffac9760000 	C:\Windows\System32\msvcp_win.dll
0x00007ffac92b0000 - 0x00007ffac93aa000 	C:\Windows\System32\ucrtbase.dll
0x00007ffab5810000 - 0x00007ffab5a89000 	C:\Windows\WinSxS\amd64_microsoft.windows.common-controls_6595b64144ccf1df_6.0.17763.437_none_05b63dca071e5dd6\COMCTL32.dll
0x00007ffac9d90000 - 0x00007ffaca0bc000 	C:\Windows\System32\combase.dll
0x00007ffac93b0000 - 0x00007ffac942e000 	C:\Windows\System32\bcryptPrimitives.dll
0x00007ffacb9a0000 - 0x00007ffacb9ce000 	C:\Windows\System32\IMM32.DLL
0x0000000059050000 - 0x0000000059122000 	C:\Program Files\Android\Android Studio\jre\jre\bin\msvcr100.dll
0x0000000059210000 - 0x0000000059a51000 	C:\Program Files\Android\Android Studio\jre\jre\bin\server\jvm.dll
0x00007ffac9d80000 - 0x00007ffac9d88000 	C:\Windows\System32\PSAPI.DLL
0x00007ffabc840000 - 0x00007ffabc84a000 	C:\Windows\SYSTEM32\VERSION.dll
0x00007ffac6ac0000 - 0x00007ffac6ae4000 	C:\Windows\SYSTEM32\WINMM.dll
0x00007ffac1da0000 - 0x00007ffac1da9000 	C:\Windows\SYSTEM32\WSOCK32.dll
0x00007ffacbd90000 - 0x00007ffacbdfd000 	C:\Windows\System32\WS2_32.dll
0x00007ffac6a90000 - 0x00007ffac6abd000 	C:\Windows\SYSTEM32\WINMMBASE.dll
0x00007ffac9670000 - 0x00007ffac96ba000 	C:\Windows\System32\cfgmgr32.dll
0x00007ffac6b10000 - 0x00007ffac6b1f000 	C:\Program Files\Android\Android Studio\jre\jre\bin\verify.dll
0x00007ffac48c0000 - 0x00007ffac48e9000 	C:\Program Files\Android\Android Studio\jre\jre\bin\java.dll
0x00007ffac6af0000 - 0x00007ffac6b06000 	C:\Program Files\Android\Android Studio\jre\jre\bin\zip.dll
0x00007ffaca4b0000 - 0x00007ffacb9a0000 	C:\Windows\System32\SHELL32.dll
0x00007ffacc040000 - 0x00007ffacc0e8000 	C:\Windows\System32\shcore.dll
0x00007ffac8b60000 - 0x00007ffac92aa000 	C:\Windows\System32\windows.storage.dll
0x00007ffac8aa0000 - 0x00007ffac8ac4000 	C:\Windows\System32\profapi.dll
0x00007ffac8a20000 - 0x00007ffac8a7d000 	C:\Windows\System32\powrprof.dll
0x00007ffaca350000 - 0x00007ffaca3a2000 	C:\Windows\System32\shlwapi.dll
0x00007ffac8a80000 - 0x00007ffac8a91000 	C:\Windows\System32\kernel.appcore.dll
0x00007ffac8b10000 - 0x00007ffac8b27000 	C:\Windows\System32\cryptsp.dll
0x00007ffac51f0000 - 0x00007ffac520a000 	C:\Program Files\Android\Android Studio\jre\jre\bin\net.dll
0x00007ffac8240000 - 0x00007ffac82a7000 	C:\Windows\system32\mswsock.dll
0x00007ffac47b0000 - 0x00007ffac47c1000 	C:\Program Files\Android\Android Studio\jre\jre\bin\nio.dll
0x00007ffac6b90000 - 0x00007ffac6bae000 	C:\Users\MadCat\.gradle\native\25\windows-amd64\native-platform.dll
0x00007ffac53b0000 - 0x00007ffac53bd000 	C:\Program Files\Android\Android Studio\jre\jre\bin\management.dll
0x00007ffac7e00000 - 0x00007ffac7e33000 	C:\Windows\system32\rsaenh.dll
0x00007ffac8b30000 - 0x00007ffac8b56000 	C:\Windows\System32\bcrypt.dll
0x00007ffac8920000 - 0x00007ffac8948000 	C:\Windows\SYSTEM32\USERENV.dll
0x00007ffac8410000 - 0x00007ffac841c000 	C:\Windows\SYSTEM32\CRYPTBASE.dll
0x00007ffac7fa0000 - 0x00007ffac7fdd000 	C:\Windows\SYSTEM32\IPHLPAPI.DLL
0x00007ffacbf30000 - 0x00007ffacbf38000 	C:\Windows\System32\NSI.dll
0x00007ffabfdc0000 - 0x00007ffabfdd6000 	C:\Windows\SYSTEM32\dhcpcsvc6.DLL
0x00007ffabfc30000 - 0x00007ffabfc4c000 	C:\Windows\SYSTEM32\dhcpcsvc.DLL
0x00007ffac7fe0000 - 0x00007ffac80a6000 	C:\Windows\SYSTEM32\DNSAPI.dll
0x00007ffab73b0000 - 0x00007ffab73d4000 	C:\Program Files\Android\Android Studio\jre\jre\bin\sunec.dll
0x00007ffabd410000 - 0x00007ffabd41a000 	C:\Windows\System32\rasadhlp.dll
0x00007ffac0080000 - 0x00007ffac00f9000 	C:\Windows\System32\fwpuclnt.dll
0x00007ffac0220000 - 0x00007ffac022b000 	C:\Program Files\Android\Android Studio\jre\jre\bin\sunmscapi.dll
0x00007ffac9430000 - 0x00007ffac960b000 	C:\Windows\System32\CRYPT32.dll
0x00007ffac8ad0000 - 0x00007ffac8ae2000 	C:\Windows\System32\MSASN1.dll
0x00007ffac7ae0000 - 0x00007ffac7b11000 	C:\Windows\SYSTEM32\ntmarta.dll

VM Arguments:
jvm_args: -Xmx1536m -Dfile.encoding=windows-1251 -Duser.country=RU -Duser.language=ru -Duser.variant 
java_command: org.gradle.launcher.daemon.bootstrap.GradleDaemon 4.10.1
java_class_path (initial): C:\Users\MadCat\.gradle\wrapper\dists\gradle-4.10.1-all\455itskqi2qtf0v2sja68alqd\gradle-4.10.1\lib\gradle-launcher-4.10.1.jar
Launcher Type: SUN_STANDARD

Environment Variables:
PATH=C:\Program Files (x86)\Common Files\Oracle\Java\javapath;C:\Windows\system32;C:\Windows;C:\Windows\System32\Wbem;C:\Windows\System32\WindowsPowerShell\v1.0\;C:\Windows\System32\OpenSSH\;C:\Program Files (x86)\NVIDIA Corporation\PhysX\Common;C:\Program Files\Git\cmd;C:\Users\MadCat\AppData\Local\Microsoft\WindowsApps;
USERNAME=MadCat
OS=Windows_NT
PROCESSOR_IDENTIFIER=Intel64 Family 6 Model 58 Stepping 9, GenuineIntel



---------------  S Y S T E M  ---------------

OS: Windows 10.0 , 64 bit Build 17763 (10.0.17763.437)

CPU:total 8 (initial active 8) (4 cores per cpu, 2 threads per core) family 6 model 58 stepping 9, cmov, cx8, fxsr, mmx, sse, sse2, sse3, ssse3, sse4.1, sse4.2, popcnt, avx, aes, clmul, erms, ht, tsc, tscinvbit, tscinv

Memory: 4k page, physical 8246884k(1017000k free), swap 9066084k(5336k free)

vm_info: OpenJDK 64-Bit Server VM (25.152-b01) for windows-amd64 JRE (1.8.0_152-release-1248-b01), built by "builder" with MS VC++ 10.0 (VS2010)

time: Wed Apr 17 01:19:40 2019
elapsed time: 201 seconds (0d 0h 3m 21s)

